<?xml version="1.0" encoding="UTF-8"?>
<!-- Generated by org.testng.reporters.JUnitReportReporter -->
<testsuite hostname="techcircles-Mac-mini.local" failures="0" tests="2" name="jUnitTestingPackage.AnnotationTesting" time="0.035" errors="0" timestamp="2023-04-04T21:04:55 EDT" skipped="0">
  <testcase classname="jUnitTestingPackage.AnnotationTesting" name="inValidUsernameAndValidPassword" time="0.020"/>
  <system-out/>
  <testcase classname="jUnitTestingPackage.AnnotationTesting" name="ValidUsernameAndValidPassword" time="0.015"/>
  <system-out/>
</testsuite> <!-- jUnitTestingPackage.AnnotationTesting -->
